INFO - Server started on 0.0.0.0:5555
INFO - New connection from ('129.82.44.128', 48490)
DEBUG - Queued message to None: {'action': 'set_name', 'message': 'Enter your username: '}
INFO - Processing action 'set_name' from player 'None'
INFO - Player 'cam' connected from ('129.82.44.128', 48490)
DEBUG - Queued message to cam: {'action': 'game_menu', 'options': ['1. Join a game', '2. Create a game', '3. Exit']}
INFO - New connection from ('129.82.44.128', 54136)
DEBUG - Queued message to None: {'action': 'set_name', 'message': 'Enter your username: '}
INFO - Processing action 'set_name' from player 'None'
INFO - Player 'dave' connected from ('129.82.44.128', 54136)
DEBUG - Queued message to dave: {'action': 'game_menu', 'options': ['1. Join a game', '2. Create a game', '3. Exit']}
INFO - Processing action 'create_game' from player 'dave'
DEBUG - Queued message to dave: {'action': 'game_created', 'room_id': '60109a3f', 'message': 'Room 60109a3f created. Waiting for players to join.'}
INFO - Game room 60109a3f created by 'dave'.
INFO - Processing action 'join_game' from player 'cam'
DEBUG - Queued message to cam: {'action': 'game_joined', 'room_id': '60109a3f', 'message': 'Joined room 60109a3f. Waiting for the game to start.'}
DEBUG - Sending message to 'dave' in room 60109a3f: {'action': 'player_joined', 'player': 'cam'}
DEBUG - Queued message to dave: {'action': 'player_joined', 'player': 'cam'}
DEBUG - Sending message to 'cam' in room 60109a3f: {'action': 'player_joined', 'player': 'cam'}
DEBUG - Queued message to cam: {'action': 'player_joined', 'player': 'cam'}
INFO - Player 'cam' joined room 60109a3f
INFO - Starting game in room 60109a3f with players: ['dave', 'cam']
DEBUG - Sending message to 'dave' in room 60109a3f: {'action': 'game_started', 'message': 'The game has started! Get ready for the first question.'}
DEBUG - Queued message to dave: {'action': 'game_started', 'message': 'The game has started! Get ready for the first question.'}
DEBUG - Sending message to 'cam' in room 60109a3f: {'action': 'game_started', 'message': 'The game has started! Get ready for the first question.'}
DEBUG - Queued message to cam: {'action': 'game_started', 'message': 'The game has started! Get ready for the first question.'}
DEBUG - Starting new HTTPS connection (1): opentdb.com:443
DEBUG - https://opentdb.com:443 "GET /api.php?amount=50&type=boolean HTTP/1.1" 200 None
INFO - Fetched 50 questions for room 60109a3f
DEBUG - Sending message to 'dave' in room 60109a3f: {'action': 'question', 'question': 'The character Plum from &quot;No Game No Life&quot; is a girl.', 'options': ['True', 'False']}
DEBUG - Queued message to dave: {'action': 'question', 'question': 'The character Plum from &quot;No Game No Life&quot; is a girl.', 'options': ['True', 'False']}
DEBUG - Sending message to 'cam' in room 60109a3f: {'action': 'question', 'question': 'The character Plum from &quot;No Game No Life&quot; is a girl.', 'options': ['True', 'False']}
DEBUG - Queued message to cam: {'action': 'question', 'question': 'The character Plum from &quot;No Game No Life&quot; is a girl.', 'options': ['True', 'False']}
INFO - Broadcasted question to room 60109a3f: The character Plum from &quot;No Game No Life&quot; is a girl.
INFO - Processing action 'answer' from player 'cam'
DEBUG - Queued message to cam: {'action': 'answer_feedback', 'message': 'Incorrect!', 'score': 0}
INFO - Player 'cam' answered 'true' in room 60109a3f. Score: 0
INFO - Processing action 'answer' from player 'dave'
DEBUG - Queued message to dave: {'action': 'answer_feedback', 'message': 'Incorrect!', 'score': 0}
INFO - Player 'dave' answered 'true' in room 60109a3f. Score: 0
INFO - Ending round in room 60109a3f
DEBUG - Sending message to 'dave' in room 60109a3f: {'action': 'question', 'question': 'Tetris is the #1 best-selling video game of all-time.', 'options': ['True', 'False']}
DEBUG - Queued message to dave: {'action': 'question', 'question': 'Tetris is the #1 best-selling video game of all-time.', 'options': ['True', 'False']}
DEBUG - Sending message to 'cam' in room 60109a3f: {'action': 'question', 'question': 'Tetris is the #1 best-selling video game of all-time.', 'options': ['True', 'False']}
DEBUG - Queued message to cam: {'action': 'question', 'question': 'Tetris is the #1 best-selling video game of all-time.', 'options': ['True', 'False']}
INFO - Broadcasted question to room 60109a3f: Tetris is the #1 best-selling video game of all-time.
INFO - Processing action 'answer' from player 'dave'
DEBUG - Queued message to dave: {'action': 'answer_feedback', 'message': 'Incorrect!', 'score': 0}
INFO - Player 'dave' answered 'true' in room 60109a3f. Score: 0
INFO - Processing action 'answer' from player 'cam'
DEBUG - Queued message to cam: {'action': 'answer_feedback', 'message': 'Incorrect!', 'score': 0}
INFO - Player 'cam' answered 'true' in room 60109a3f. Score: 0
INFO - Ending round in room 60109a3f
DEBUG - Sending message to 'dave' in room 60109a3f: {'action': 'question', 'question': 'Ferrari has never made a V10 engine for any of its cars.', 'options': ['True', 'False']}
DEBUG - Queued message to dave: {'action': 'question', 'question': 'Ferrari has never made a V10 engine for any of its cars.', 'options': ['True', 'False']}
DEBUG - Sending message to 'cam' in room 60109a3f: {'action': 'question', 'question': 'Ferrari has never made a V10 engine for any of its cars.', 'options': ['True', 'False']}
DEBUG - Queued message to cam: {'action': 'question', 'question': 'Ferrari has never made a V10 engine for any of its cars.', 'options': ['True', 'False']}
INFO - Broadcasted question to room 60109a3f: Ferrari has never made a V10 engine for any of its cars.
INFO - Processing action 'answer' from player 'cam'
DEBUG - Queued message to cam: {'action': 'answer_feedback', 'message': 'Incorrect!', 'score': 0}
INFO - Player 'cam' answered 'true' in room 60109a3f. Score: 0
INFO - Processing action 'answer' from player 'dave'
DEBUG - Queued message to dave: {'action': 'answer_feedback', 'message': 'Incorrect!', 'score': 0}
INFO - Player 'dave' answered 'true' in room 60109a3f. Score: 0
INFO - Ending round in room 60109a3f
DEBUG - Sending message to 'dave' in room 60109a3f: {'action': 'question', 'question': 'An octopus can fit through any hole larger than its beak.', 'options': ['True', 'False']}
DEBUG - Queued message to dave: {'action': 'question', 'question': 'An octopus can fit through any hole larger than its beak.', 'options': ['True', 'False']}
DEBUG - Sending message to 'cam' in room 60109a3f: {'action': 'question', 'question': 'An octopus can fit through any hole larger than its beak.', 'options': ['True', 'False']}
DEBUG - Queued message to cam: {'action': 'question', 'question': 'An octopus can fit through any hole larger than its beak.', 'options': ['True', 'False']}
INFO - Broadcasted question to room 60109a3f: An octopus can fit through any hole larger than its beak.
INFO - Processing action 'answer' from player 'cam'
DEBUG - Queued message to cam: {'action': 'answer_feedback', 'message': 'Correct!', 'score': 1}
INFO - Player 'cam' answered 'true' in room 60109a3f. Score: 1
INFO - Processing action 'answer' from player 'dave'
DEBUG - Queued message to dave: {'action': 'answer_feedback', 'message': 'Correct!', 'score': 1}
INFO - Player 'dave' answered 'true' in room 60109a3f. Score: 1
INFO - Ending round in room 60109a3f
DEBUG - Sending message to 'dave' in room 60109a3f: {'action': 'question', 'question': 'In Until Dawn, both characters Sam and Mike cannot be killed under any means until the final chapter of the game.', 'options': ['True', 'False']}
DEBUG - Queued message to dave: {'action': 'question', 'question': 'In Until Dawn, both characters Sam and Mike cannot be killed under any means until the final chapter of the game.', 'options': ['True', 'False']}
DEBUG - Sending message to 'cam' in room 60109a3f: {'action': 'question', 'question': 'In Until Dawn, both characters Sam and Mike cannot be killed under any means until the final chapter of the game.', 'options': ['True', 'False']}
DEBUG - Queued message to cam: {'action': 'question', 'question': 'In Until Dawn, both characters Sam and Mike cannot be killed under any means until the final chapter of the game.', 'options': ['True', 'False']}
INFO - Broadcasted question to room 60109a3f: In Until Dawn, both characters Sam and Mike cannot be killed under any means until the final chapter of the game.
INFO - Processing action 'answer' from player 'cam'
DEBUG - Queued message to cam: {'action': 'answer_feedback', 'message': 'Incorrect!', 'score': 1}
INFO - Player 'cam' answered 'false' in room 60109a3f. Score: 1
INFO - Processing action 'answer' from player 'dave'
DEBUG - Queued message to dave: {'action': 'answer_feedback', 'message': 'Incorrect!', 'score': 1}
INFO - Player 'dave' answered 'false' in room 60109a3f. Score: 1
INFO - Ending round in room 60109a3f
DEBUG - Sending message to 'dave' in room 60109a3f: {'action': 'question', 'question': 'To bypass US Munitions Export Laws, the creator of the PGP published all the source code in book form. ', 'options': ['True', 'False']}
DEBUG - Queued message to dave: {'action': 'question', 'question': 'To bypass US Munitions Export Laws, the creator of the PGP published all the source code in book form. ', 'options': ['True', 'False']}
DEBUG - Sending message to 'cam' in room 60109a3f: {'action': 'question', 'question': 'To bypass US Munitions Export Laws, the creator of the PGP published all the source code in book form. ', 'options': ['True', 'False']}
DEBUG - Queued message to cam: {'action': 'question', 'question': 'To bypass US Munitions Export Laws, the creator of the PGP published all the source code in book form. ', 'options': ['True', 'False']}
INFO - Broadcasted question to room 60109a3f: To bypass US Munitions Export Laws, the creator of the PGP published all the source code in book form. 
INFO - Processing action 'answer' from player 'cam'
DEBUG - Queued message to cam: {'action': 'answer_feedback', 'message': 'Correct!', 'score': 2}
INFO - Player 'cam' answered 'true' in room 60109a3f. Score: 2
INFO - Processing action 'answer' from player 'dave'
DEBUG - Queued message to dave: {'action': 'answer_feedback', 'message': 'Correct!', 'score': 2}
INFO - Player 'dave' answered 'true' in room 60109a3f. Score: 2
INFO - Ending round in room 60109a3f
DEBUG - Sending message to 'dave' in room 60109a3f: {'action': 'question', 'question': 'Throughout the entirety of &quot;Dragon Ball Z&quot;, Goku only kills two characters: a miniboss named Yakon and Kid Buu.', 'options': ['True', 'False']}
DEBUG - Queued message to dave: {'action': 'question', 'question': 'Throughout the entirety of &quot;Dragon Ball Z&quot;, Goku only kills two characters: a miniboss named Yakon and Kid Buu.', 'options': ['True', 'False']}
DEBUG - Sending message to 'cam' in room 60109a3f: {'action': 'question', 'question': 'Throughout the entirety of &quot;Dragon Ball Z&quot;, Goku only kills two characters: a miniboss named Yakon and Kid Buu.', 'options': ['True', 'False']}
DEBUG - Queued message to cam: {'action': 'question', 'question': 'Throughout the entirety of &quot;Dragon Ball Z&quot;, Goku only kills two characters: a miniboss named Yakon and Kid Buu.', 'options': ['True', 'False']}
INFO - Broadcasted question to room 60109a3f: Throughout the entirety of &quot;Dragon Ball Z&quot;, Goku only kills two characters: a miniboss named Yakon and Kid Buu.
INFO - Processing action 'answer' from player 'cam'
DEBUG - Queued message to cam: {'action': 'answer_feedback', 'message': 'Correct!', 'score': 3}
INFO - Player 'cam' answered 'true' in room 60109a3f. Score: 3
INFO - Processing action 'answer' from player 'dave'
DEBUG - Queued message to dave: {'action': 'answer_feedback', 'message': 'Correct!', 'score': 3}
INFO - Player 'dave' answered 'true' in room 60109a3f. Score: 3
INFO - Ending round in room 60109a3f
DEBUG - Sending message to 'dave' in room 60109a3f: {'action': 'question', 'question': 'Scatman John&#039;s real name was John Paul Larkin.', 'options': ['True', 'False']}
DEBUG - Queued message to dave: {'action': 'question', 'question': 'Scatman John&#039;s real name was John Paul Larkin.', 'options': ['True', 'False']}
DEBUG - Sending message to 'cam' in room 60109a3f: {'action': 'question', 'question': 'Scatman John&#039;s real name was John Paul Larkin.', 'options': ['True', 'False']}
DEBUG - Queued message to cam: {'action': 'question', 'question': 'Scatman John&#039;s real name was John Paul Larkin.', 'options': ['True', 'False']}
INFO - Broadcasted question to room 60109a3f: Scatman John&#039;s real name was John Paul Larkin.
INFO - Processing action 'answer' from player 'cam'
DEBUG - Queued message to cam: {'action': 'answer_feedback', 'message': 'Incorrect!', 'score': 3}
INFO - Player 'cam' answered 'false' in room 60109a3f. Score: 3
INFO - Processing action 'answer' from player 'dave'
DEBUG - Queued message to dave: {'action': 'answer_feedback', 'message': 'Incorrect!', 'score': 3}
INFO - Player 'dave' answered 'false' in room 60109a3f. Score: 3
INFO - Ending round in room 60109a3f
DEBUG - Sending message to 'dave' in room 60109a3f: {'action': 'question', 'question': 'AMD created the first consumer 64-bit processor.', 'options': ['True', 'False']}
DEBUG - Queued message to dave: {'action': 'question', 'question': 'AMD created the first consumer 64-bit processor.', 'options': ['True', 'False']}
DEBUG - Sending message to 'cam' in room 60109a3f: {'action': 'question', 'question': 'AMD created the first consumer 64-bit processor.', 'options': ['True', 'False']}
DEBUG - Queued message to cam: {'action': 'question', 'question': 'AMD created the first consumer 64-bit processor.', 'options': ['True', 'False']}
INFO - Broadcasted question to room 60109a3f: AMD created the first consumer 64-bit processor.
INFO - Processing action 'answer' from player 'cam'
DEBUG - Queued message to cam: {'action': 'answer_feedback', 'message': 'Correct!', 'score': 4}
INFO - Player 'cam' answered 'true' in room 60109a3f. Score: 4
INFO - Processing action 'answer' from player 'dave'
DEBUG - Queued message to dave: {'action': 'answer_feedback', 'message': 'Correct!', 'score': 4}
INFO - Player 'dave' answered 'true' in room 60109a3f. Score: 4
INFO - Ending round in room 60109a3f
DEBUG - Sending message to 'dave' in room 60109a3f: {'action': 'question', 'question': 'Liechtenstein does not have an airport.', 'options': ['True', 'False']}
DEBUG - Queued message to dave: {'action': 'question', 'question': 'Liechtenstein does not have an airport.', 'options': ['True', 'False']}
DEBUG - Sending message to 'cam' in room 60109a3f: {'action': 'question', 'question': 'Liechtenstein does not have an airport.', 'options': ['True', 'False']}
DEBUG - Queued message to cam: {'action': 'question', 'question': 'Liechtenstein does not have an airport.', 'options': ['True', 'False']}
INFO - Broadcasted question to room 60109a3f: Liechtenstein does not have an airport.
INFO - Processing action 'answer' from player 'cam'
DEBUG - Queued message to cam: {'action': 'answer_feedback', 'message': 'Incorrect!', 'score': 4}
INFO - Player 'cam' answered 'false' in room 60109a3f. Score: 4
INFO - Processing action 'answer' from player 'dave'
DEBUG - Queued message to dave: {'action': 'answer_feedback', 'message': 'Incorrect!', 'score': 4}
INFO - Player 'dave' answered 'false' in room 60109a3f. Score: 4
INFO - Ending round in room 60109a3f
DEBUG - Sending message to 'dave' in room 60109a3f: {'action': 'question', 'question': 'There are 86400 seconds in a day.', 'options': ['True', 'False']}
DEBUG - Queued message to dave: {'action': 'question', 'question': 'There are 86400 seconds in a day.', 'options': ['True', 'False']}
DEBUG - Sending message to 'cam' in room 60109a3f: {'action': 'question', 'question': 'There are 86400 seconds in a day.', 'options': ['True', 'False']}
DEBUG - Queued message to cam: {'action': 'question', 'question': 'There are 86400 seconds in a day.', 'options': ['True', 'False']}
INFO - Broadcasted question to room 60109a3f: There are 86400 seconds in a day.
INFO - Processing action 'answer' from player 'cam'
DEBUG - Queued message to cam: {'action': 'answer_feedback', 'message': 'Correct!', 'score': 5}
INFO - Player 'cam' answered 'true' in room 60109a3f. Score: 5
INFO - Processing action 'answer' from player 'dave'
DEBUG - Queued message to dave: {'action': 'answer_feedback', 'message': 'Correct!', 'score': 5}
INFO - Player 'dave' answered 'true' in room 60109a3f. Score: 5
INFO - Ending round in room 60109a3f
DEBUG - Sending message to 'dave' in room 60109a3f: {'action': 'game_over', 'message': 'Game Tied!\n dave, cam with 5 points!'}
DEBUG - Queued message to dave: {'action': 'game_over', 'message': 'Game Tied!\n dave, cam with 5 points!'}
DEBUG - Sending message to 'cam' in room 60109a3f: {'action': 'game_over', 'message': 'Game Tied!\n dave, cam with 5 points!'}
DEBUG - Queued message to cam: {'action': 'game_over', 'message': 'Game Tied!\n dave, cam with 5 points!'}
INFO - Game in room 60109a3f ended. Winners: dave, cam
INFO - Room 60109a3f has been reset and removed.
INFO - Processing action 'game_menu' from player 'dave'
DEBUG - Queued message to dave: {'action': 'game_menu', 'options': ['1. Join a game', '2. Create a game', '3. Exit']}
INFO - Processing action 'game_menu' from player 'cam'
DEBUG - Queued message to cam: {'action': 'game_menu', 'options': ['1. Join a game', '2. Create a game', '3. Exit']}
INFO - Processing action 'disconnect' from player 'cam'
INFO - Player 'cam' disconnected
INFO - Processing action 'disconnect' from player 'dave'
INFO - Player 'dave' disconnected
INFO - KeyboardInterrupt received. Initiating shutdown.
INFO - Server shutting down...
INFO - Server has been shut down.
